<?xml version="1.0" encoding="UTF-8"?>
<testng-results ignored="0" total="1" passed="1" failed="0" skipped="0">
  <reporter-output>
  </reporter-output>
  <suite started-at="2023-09-12T14:25:56 IST" name="Default suite" finished-at="2023-09-12T14:26:46 IST" duration-ms="50176">
    <groups>
    </groups>
    <test started-at="2023-09-12T14:25:56 IST" name="Default test" finished-at="2023-09-12T14:26:46 IST" duration-ms="50176">
      <class name="com.project_name_page_name_module_name_test.Login_test">
        <test-method is-config="true" signature="configureBeforeClass()[pri:0, instance:com.project_name_page_name_module_name_test.Login_test@4f6ee6e4]" started-at="2023-09-12T14:25:56 IST" name="configureBeforeClass" finished-at="2023-09-12T14:26:41 IST" duration-ms="44711" status="PASS">
          <reporter-output>
          </reporter-output>
        </test-method> <!-- configureBeforeClass -->
        <test-method is-config="true" signature="configureBeforeMethod()[pri:0, instance:com.project_name_page_name_module_name_test.Login_test@4f6ee6e4]" started-at="2023-09-12T14:26:41 IST" name="configureBeforeMethod" finished-at="2023-09-12T14:26:42 IST" duration-ms="1301" status="PASS">
          <reporter-output>
          </reporter-output>
        </test-method> <!-- configureBeforeMethod -->
        <test-method signature="logintest()[pri:0, instance:com.project_name_page_name_module_name_test.Login_test@4f6ee6e4]" started-at="2023-09-12T14:26:42 IST" name="logintest" finished-at="2023-09-12T14:26:46 IST" duration-ms="4059" status="PASS">
          <reporter-output>
          </reporter-output>
        </test-method> <!-- logintest -->
        <test-method is-config="true" signature="configureAfterMethod()[pri:0, instance:com.project_name_page_name_module_name_test.Login_test@4f6ee6e4]" started-at="2023-09-12T14:26:46 IST" name="configureAfterMethod" finished-at="2023-09-12T14:26:46 IST" duration-ms="57" status="PASS">
          <reporter-output>
          </reporter-output>
        </test-method> <!-- configureAfterMethod -->
        <test-method is-config="true" signature="configureAfterClass()[pri:0, instance:com.project_name_page_name_module_name_test.Login_test@4f6ee6e4]" started-at="2023-09-12T14:26:46 IST" name="configureAfterClass" finished-at="2023-09-12T14:26:46 IST" duration-ms="0" status="PASS">
          <reporter-output>
          </reporter-output>
        </test-method> <!-- configureAfterClass -->
      </class> <!-- com.project_name_page_name_module_name_test.Login_test -->
    </test> <!-- Default test -->
  </suite> <!-- Default suite -->
</testng-results>
